2014-03-11 00:25:59,331 [main] DEBUG root  - Initializing application...
2014-03-11 00:26:44,540 [main] DEBUG root  - Initializing application...
2014-03-11 00:39:52,148 [main] DEBUG root  - Initializing application...
2014-03-11 00:41:15,655 [main] DEBUG root  - Initializing application...
2014-03-11 00:43:42,114 [main] DEBUG root  - Initializing application...
2014-03-11 00:47:34,706 [main] DEBUG root  - Initializing application...
2014-03-11 01:00:51,934 [main] DEBUG root  - Initializing application...
2014-03-11 01:00:51,935 [main] DEBUG root  - Requesting: https://sandbox.tr8nhub.com/tr8n/api/oauth/request_token?client_secret=a9dc95ff798e6e1d1&grant_type=client_credentials&client_id=37f812fac93a71088
2014-03-11 01:00:53,021 [main] DEBUG root  - Received data: {"access_token":"2a280ed2170fc6362","expires_in":7904642}
2014-03-11 01:00:53,025 [main] ERROR root  - Failed to initialize application
2014-03-11 01:01:34,832 [main] DEBUG root  - Initializing application...
2014-03-11 01:01:34,835 [main] DEBUG root  - Requesting: https://sandbox.tr8nhub.com/tr8n/api/oauth/request_token?client_secret=a9dc95ff798e6e1d1&grant_type=client_credentials&client_id=37f812fac93a71088
2014-03-11 01:01:35,560 [main] DEBUG root  - Received data: {"access_token":"2a280ed2170fc6362","expires_in":7904600}
2014-03-11 01:01:35,565 [main] ERROR root  - Failed to initialize application java.lang.ClassCastException: java.lang.Boolean cannot be cast to java.lang.String
2014-03-11 01:01:59,971 [main] DEBUG root  - Initializing application...
2014-03-11 01:01:59,976 [main] DEBUG root  - Requesting: https://sandbox.tr8nhub.com/tr8n/api/oauth/request_token?client_secret=a9dc95ff798e6e1d1&grant_type=client_credentials&client_id=37f812fac93a71088
2014-03-11 01:02:00,729 [main] DEBUG root  - Received data: {"access_token":"2a280ed2170fc6362","expires_in":7904575}
2014-03-11 01:02:00,733 [main] ERROR root  - Failed to initialize application java.lang.ClassCastException: java.lang.Boolean cannot be cast to java.lang.String
2014-03-11 01:02:00,733 [main] ERROR root  - java.lang.ClassCastException: java.lang.Boolean cannot be cast to java.lang.String
2014-03-11 01:02:17,519 [main] DEBUG root  - Initializing application...
2014-03-11 01:02:27,031 [main] DEBUG root  - Requesting: https://sandbox.tr8nhub.com/tr8n/api/oauth/request_token?client_secret=a9dc95ff798e6e1d1&grant_type=client_credentials&client_id=37f812fac93a71088
2014-03-11 01:02:33,964 [main] DEBUG root  - Received data: {"access_token":"2a280ed2170fc6362","expires_in":7904545}
2014-03-11 01:04:00,064 [main] DEBUG root  - Initializing application...
2014-03-11 01:04:00,066 [main] DEBUG root  - Requesting: https://sandbox.tr8nhub.com/tr8n/api/oauth/request_token?client_secret=a9dc95ff798e6e1d1&grant_type=client_credentials&client_id=37f812fac93a71088
2014-03-11 01:04:01,099 [main] DEBUG root  - Received data: {"access_token":"2a280ed2170fc6362","expires_in":7904454}
2014-03-11 01:04:01,104 [main] DEBUG root  - Requesting: https://sandbox.tr8nhub.com/tr8n/api/application?definition=true&client_id=37f812fac93a71088
2014-03-11 01:04:01,161 [main] DEBUG root  - Received data: {"key":"37f812fac93a71088","name":"Rails SDK Sample","description":"","default_locale":"en-US","languages":[{"locale":"zh","name":"中文(香港)","english_name":"Chinese","native_name":"中文(香港)","flag_url":"https://sandbox.tr8nhub.com/media/54/94/13/45/cdd5dd943ee86151b.png"},{"locale":"en-US","name":"English (US)","english_name":"English (US)","native_name":"English (US)","flag_url":"https://sandbox.tr8nhub.com/media/87/26/2/48/cce7e3c1c8b9240e2.png"},{"locale":"fr","name":"Français","english_name":"French","native_name":"Français","flag_url":"https://sandbox.tr8nhub.com/media/73/55/83/37/d9194bd0c47a93ab5.png"},{"locale":"de","name":"Deutsch","english_name":"German","native_name":"Deutsch","flag_url":"https://sandbox.tr8nhub.com/media/85/82/75/67/67a44b2cc46dce5ea.png"},{"locale":"el","name":"Ελληνικά","english_name":"Greek","native_name":"Ελληνικά","flag_url":"https://sandbox.tr8nhub.com/media/76/33/40/98/482408bb41d9571a2.png"},{"locale":"it","name":"Italiano","english_name":"Italian","native_name":"Italiano","flag_url":"https://sandbox.tr8nhub.com/media/63/35/34/40/8e52fd8d5e1515372.png"},{"locale":"ru","name":"Русский","english_name":"Russian","native_name":"Русский","right_to_left":false,"flag_url":"https://sandbox.tr8nhub.com/media/25/42/68/69/e2e3b06a4bfa4854c.png"},{"locale":"es","name":"Español","english_name":"Spanish","native_name":"Español","flag_url":"https://sandbox.tr8nhub.com/media/79/70/5/57/f5b1deb76f63bbc5f.png"}],"threshold":1,"translator_level":1,"features":{"inline_translations":true,"machine_translations":true,"translation_suggestions":true,"decorations":true,"shortcuts":true,"context_rules":true,"language_cases":true,"javascript_sdk":false,"glossary":true,"forum":true,"awards":true,"admin_translations":true,"open_registration":true,"language_flags":true},"tokens":{},"css":".tr8n_not_translated { padding:3px; background: #FFD9E6 url(https://sandbox.tr8nhub.com/assets/tr8n/lines/red3.png) repeat-x bottom; } .tr8n_translated { padding:3px; background: #E0FFD9 url(https://sandbox.tr8nhub.com/assets/tr8n/lines/green3.png) repeat-x bottom; } .tr8n_fallback { padding:3px; background: #FFFCD9 url(https://sandbox.tr8nhub.com/assets/tr8n/lines/yellow3.png) repeat-x bottom; } .tr8n_pending { padding:3px; background: #FFFCD9 url(https://sandbox.tr8nhub.com/assets/tr8n/lines/yellow3.png) repeat-x bottom; } .tr8n_locked { padding:3px; background: #D9EEFF url(https://sandbox.tr8nhub.com/assets/tr8n/lines/blue3.png) repeat-x bottom; } .tr8n_language_case { padding:3px; background: #D9EEFF; border: 1px dotted blue; }","shortcuts":{"Ctrl+Shift+S":"Tr8n.UI.Lightbox.show('/tr8n/help/lb_shortcuts', {width:400});","Ctrl+Shift+I":"Tr8n.UI.LanguageSelector.toggleInlineTranslations();","Ctrl+Shift+L":"Tr8n.UI.LanguageSelector.show(true);","Ctrl+Shift+N":"Tr8n.UI.Lightbox.show('/tr8n/translator/notifications/lb_notifications', {width:600});","Ctrl+Shift+K":"Tr8n.Utils.toggleKeyboards();","Ctrl+Shift+C":"Tr8n.UI.Lightbox.show('/tr8n/help/lb_source?source=' + Tr8n.source, {width:420});","Ctrl+Shift+T":"Tr8n.UI.Lightbox.show('/tr8n/help/lb_stats', {width:420});","Ctrl+Shift+D":"Tr8n.SDK.Proxy.debug();","Ctrl+Shift+R":"Tr8n.Utils.reloadSettings();","Ctrl+Shift+W":"Tr8n.UI.Widget.toggle();","Alt+Shift+C":"Tr8n.Utils.redirectTo('/tr8n/help/credits')","Alt+Shift+D":"Tr8n.Utils.redirectTo('/tr8n/translator/dashboard')","Alt+Shift+M":"Tr8n.Utils.redirectTo('/tr8n/app/sitemap')","Alt+Shift+P":"Tr8n.Utils.redirectTo('/tr8n/app/phrases')","Alt+Shift+T":"Tr8n.Utils.redirectTo('/tr8n/app/translations')","Alt+Shift+A":"Tr8n.Utils.redirectTo('/tr8n/app/awards')","Alt+Shift+B":"Tr8n.Utils.redirectTo('/tr8n/app/forum')","Alt+Shift+G":"Tr8n.Utils.redirectTo('/tr8n/app/glossary')"}}
